<<<<<<< HEAD
<?xml version="1.0" encoding="UTF-8"?>
<!-- Generated by org.testng.reporters.JUnitXMLReporter -->
<testsuite ignored="0" hostname="bhavinthumar" failures="0" tests="1" name="Test2" time="0.027" errors="0" timestamp="2022-07-13T15:21:32 IST">
  <testcase classname="simpleFormDemo.SimpleFormDemoclass" name="@BeforeMethod setup" time="-1.657705892148E9">
    <failure type="org.testng.TestNGException" message="
Parameter &amp;apos;version&amp;apos; is required by BeforeMethod on method setup but has not been marked @Optional or defined
in C:\Users\Bhavin.Thumar\eclipse-workspace\LambdaTest\testng.xml">
      <![CDATA[org.testng.TestNGException: 
Parameter 'version' is required by BeforeMethod on method setup but has not been marked @Optional or defined
in C:\Users\Bhavin.Thumar\eclipse-workspace\LambdaTest\testng.xml
at java.base/java.util.ArrayList.forEach(ArrayList.java:1511)
at java.base/java.util.concurrent.FutureTask.run(FutureTask.java:264)
at java.base/java.util.concurrent.ThreadPoolExecutor.runWorker(ThreadPoolExecutor.java:1136)
at java.base/java.util.concurrent.ThreadPoolExecutor$Worker.run(ThreadPoolExecutor.java:635)
at java.base/java.lang.Thread.run(Thread.java:833)
... Removed 19 stack frames]]>
    </failure>
  </testcase> <!-- @BeforeMethod setup -->
  <testcase classname="simpleFormDemo.SimpleFormDemoclass" name="@AfterMethod tearDown" time="-1.657705892162E9">
    <skipped/>
  </testcase> <!-- @AfterMethod tearDown -->
  <testcase classname="simpleFormDemo.SimpleFormDemoclass" name="TestScenario1" time="0.0">
    <skipped/>
  </testcase> <!-- TestScenario1 -->
</testsuite> <!-- Test2 -->
=======
<?xml version="1.0" encoding="UTF-8"?>
<!-- Generated by org.testng.reporters.JUnitXMLReporter -->
<testsuite ignored="0" hostname="bhavinthumar" failures="0" tests="1" name="Test2" time="0.027" errors="0" timestamp="2022-07-13T15:21:32 IST">
  <testcase classname="simpleFormDemo.SimpleFormDemoclass" name="@BeforeMethod setup" time="-1.657705892148E9">
    <failure type="org.testng.TestNGException" message="
Parameter &amp;apos;version&amp;apos; is required by BeforeMethod on method setup but has not been marked @Optional or defined
in C:\Users\Bhavin.Thumar\eclipse-workspace\LambdaTest\testng.xml">
      <![CDATA[org.testng.TestNGException: 
Parameter 'version' is required by BeforeMethod on method setup but has not been marked @Optional or defined
in C:\Users\Bhavin.Thumar\eclipse-workspace\LambdaTest\testng.xml
at java.base/java.util.ArrayList.forEach(ArrayList.java:1511)
at java.base/java.util.concurrent.FutureTask.run(FutureTask.java:264)
at java.base/java.util.concurrent.ThreadPoolExecutor.runWorker(ThreadPoolExecutor.java:1136)
at java.base/java.util.concurrent.ThreadPoolExecutor$Worker.run(ThreadPoolExecutor.java:635)
at java.base/java.lang.Thread.run(Thread.java:833)
... Removed 19 stack frames]]>
    </failure>
  </testcase> <!-- @BeforeMethod setup -->
  <testcase classname="simpleFormDemo.SimpleFormDemoclass" name="@AfterMethod tearDown" time="-1.657705892162E9">
    <skipped/>
  </testcase> <!-- @AfterMethod tearDown -->
  <testcase classname="simpleFormDemo.SimpleFormDemoclass" name="TestScenario1" time="0.0">
    <skipped/>
  </testcase> <!-- TestScenario1 -->
</testsuite> <!-- Test2 -->
>>>>>>> bfbe4ab (a)
